[debug] [2021-02-17T17:25:42.410Z] ----------------------------------------------------------------------
[debug] [2021-02-17T17:25:42.414Z] Command:       C:\Program Files\nodejs\node.exe C:\Users\nikhil\AppData\Roaming\npm\node_modules\firebase-tools\lib\bin\firebase.js init
[debug] [2021-02-17T17:25:42.415Z] CLI Version:   9.4.0
[debug] [2021-02-17T17:25:42.415Z] Platform:      win32
[debug] [2021-02-17T17:25:42.415Z] Node Version:  v10.18.0
[debug] [2021-02-17T17:25:42.416Z] Time:          Wed Feb 17 2021 22:55:42 GMT+0530 (India Standard Time)
[debug] [2021-02-17T17:25:42.417Z] ----------------------------------------------------------------------
[debug] [2021-02-17T17:25:42.417Z] 
[debug] [2021-02-17T17:25:42.427Z] > command requires scopes: ["email","openid","https://www.googleapis.com/auth/cloudplatformprojects.readonly","https://www.googleapis.com/auth/firebase","https://www.googleapis.com/auth/cloud-platform"]
[debug] [2021-02-17T17:25:42.427Z] > authorizing via signed-in user
[info] 
     ######## #### ########  ######## ########     ###     ######  ########
     ##        ##  ##     ## ##       ##     ##  ##   ##  ##       ##
     ######    ##  ########  ######   ########  #########  ######  ######
     ##        ##  ##    ##  ##       ##     ## ##     ##       ## ##
     ##       #### ##     ## ######## ########  ##     ##  ######  ########

You're about to initialize a Firebase project in this directory:

  D:\private\personal\practise\my-portfolio

[info] 
=== Project Setup
[info] 
[info] First, let's associate this project directory with a Firebase project.
[info] You can create multiple project aliases by running firebase use --add, 
[info] but for now we'll just set up a default project.
[info] 
[info] i  If you want to create a project in a Google Cloud organization or folder, please use "firebase projects:create" instead, and return to this command when you've created the project. 
[debug] [2021-02-17T17:32:24.074Z] > refreshing access token with scopes: ["email","https://www.googleapis.com/auth/cloud-platform","https://www.googleapis.com/auth/cloudplatformprojects.readonly","https://www.googleapis.com/auth/firebase","openid"]
[debug] [2021-02-17T17:32:24.074Z] >>> HTTP REQUEST POST https://www.googleapis.com/oauth2/v3/token  
 <request body omitted>
[debug] [2021-02-17T17:32:24.608Z] <<< HTTP RESPONSE 200 {"cache-control":"no-cache, no-store, max-age=0, must-revalidate","pragma":"no-cache","expires":"Mon, 01 Jan 1990 00:00:00 GMT","date":"Wed, 17 Feb 2021 17:32:22 GMT","content-type":"application/json; charset=utf-8","vary":"X-Origin, Referer, Origin,Accept-Encoding","server":"scaffolding on HTTPServer2","x-xss-protection":"0","x-frame-options":"SAMEORIGIN","x-content-type-options":"nosniff","alt-svc":"h3-29=\":443\"; ma=2592000,h3-T051=\":443\"; ma=2592000,h3-Q050=\":443\"; ma=2592000,h3-Q046=\":443\"; ma=2592000,h3-Q043=\":443\"; ma=2592000,quic=\":443\"; ma=2592000; v=\"46,43\"","accept-ranges":"none","transfer-encoding":"chunked"}
[debug] [2021-02-17T17:32:24.622Z] >>> HTTP REQUEST POST https://cloudresourcemanager.googleapis.com/v1/projects  
 {"projectId":"manne_nikhil","name":"manne_nikhil"}
[debug] [2021-02-17T17:32:26.014Z] <<< HTTP RESPONSE 400 {"vary":"X-Origin, Referer, Origin,Accept-Encoding","content-type":"application/json; charset=UTF-8","date":"Wed, 17 Feb 2021 17:32:24 GMT","server":"ESF","cache-control":"private","x-xss-protection":"0","x-frame-options":"SAMEORIGIN","x-content-type-options":"nosniff","server-timing":"gfet4t7; dur=1164","alt-svc":"h3-29=\":443\"; ma=2592000,h3-T051=\":443\"; ma=2592000,h3-Q050=\":443\"; ma=2592000,h3-Q046=\":443\"; ma=2592000,h3-Q043=\":443\"; ma=2592000,quic=\":443\"; ma=2592000; v=\"46,43\"","accept-ranges":"none","transfer-encoding":"chunked"}
[debug] [2021-02-17T17:32:26.015Z] <<< HTTP RESPONSE BODY {"error":{"code":400,"message":"Request contains an invalid argument.","status":"INVALID_ARGUMENT","details":[{"@type":"type.googleapis.com/google.rpc.BadRequest","fieldViolations":[{"field":"project_id","description":"project_id contains invalid characters"},{"field":"display_name","description":"project display name contains invalid characters"}]},{"@type":"type.googleapis.com/google.rpc.Help","links":[{"url":"https://cloud.google.com/resource-manager/reference/rest/v1/projects"}]}]}}
[debug] [2021-02-17T17:32:26.206Z] FirebaseError: HTTP Error: 400, Request contains an invalid argument.
    at module.exports (C:\Users\nikhil\AppData\Roaming\npm\node_modules\firebase-tools\lib\responseToError.js:38:12)
    at Request._callback (C:\Users\nikhil\AppData\Roaming\npm\node_modules\firebase-tools\lib\api.js:41:35)
    at Request.self.callback (C:\Users\nikhil\AppData\Roaming\npm\node_modules\firebase-tools\node_modules\request\request.js:185:22)
    at Request.emit (events.js:198:13)
    at Request.EventEmitter.emit (domain.js:448:20)
    at Request.<anonymous> (C:\Users\nikhil\AppData\Roaming\npm\node_modules\firebase-tools\node_modules\request\request.js:1154:10)
    at Request.emit (events.js:198:13)
    at Request.EventEmitter.emit (domain.js:448:20)
    at IncomingMessage.<anonymous> (C:\Users\nikhil\AppData\Roaming\npm\node_modules\firebase-tools\node_modules\request\request.js:1076:12)
    at Object.onceWrapper (events.js:286:20)
    at IncomingMessage.emit (events.js:203:15)
    at IncomingMessage.EventEmitter.emit (domain.js:448:20)
    at endReadableNT (_stream_readable.js:1143:12)
    at process._tickCallback (internal/process/next_tick.js:63:19)
[error] 
[error] Error: Failed to create project. See firebase-debug.log for more info.
[debug] [2021-02-17T17:33:03.944Z] ----------------------------------------------------------------------
[debug] [2021-02-17T17:33:03.946Z] Command:       C:\Program Files\nodejs\node.exe C:\Users\nikhil\AppData\Roaming\npm\node_modules\firebase-tools\lib\bin\firebase.js init
[debug] [2021-02-17T17:33:03.947Z] CLI Version:   9.4.0
[debug] [2021-02-17T17:33:03.947Z] Platform:      win32
[debug] [2021-02-17T17:33:03.947Z] Node Version:  v10.18.0
[debug] [2021-02-17T17:33:03.948Z] Time:          Wed Feb 17 2021 23:03:03 GMT+0530 (India Standard Time)
[debug] [2021-02-17T17:33:03.948Z] ----------------------------------------------------------------------
[debug] [2021-02-17T17:33:03.948Z] 
[debug] [2021-02-17T17:33:03.954Z] > command requires scopes: ["email","openid","https://www.googleapis.com/auth/cloudplatformprojects.readonly","https://www.googleapis.com/auth/firebase","https://www.googleapis.com/auth/cloud-platform"]
[debug] [2021-02-17T17:33:03.955Z] > authorizing via signed-in user
[info] 
     ######## #### ########  ######## ########     ###     ######  ########
     ##        ##  ##     ## ##       ##     ##  ##   ##  ##       ##
     ######    ##  ########  ######   ########  #########  ######  ######
     ##        ##  ##    ##  ##       ##     ## ##     ##       ## ##
     ##       #### ##     ## ######## ########  ##     ##  ######  ########

You're about to initialize a Firebase project in this directory:

  D:\private\personal\practise\my-portfolio

[info] 
=== Project Setup
[info] 
[info] First, let's associate this project directory with a Firebase project.
[info] You can create multiple project aliases by running firebase use --add, 
[info] but for now we'll just set up a default project.
[info] 
[debug] [2021-02-17T17:33:24.225Z] > refreshing access token with scopes: []
[debug] [2021-02-17T17:33:24.225Z] >>> HTTP REQUEST POST https://www.googleapis.com/oauth2/v3/token  
 <request body omitted>
[debug] [2021-02-17T17:33:24.436Z] <<< HTTP RESPONSE 200 {"expires":"Mon, 01 Jan 1990 00:00:00 GMT","pragma":"no-cache","cache-control":"no-cache, no-store, max-age=0, must-revalidate","date":"Wed, 17 Feb 2021 17:33:22 GMT","content-type":"application/json; charset=utf-8","vary":"X-Origin, Referer, Origin,Accept-Encoding","server":"scaffolding on HTTPServer2","x-xss-protection":"0","x-frame-options":"SAMEORIGIN","x-content-type-options":"nosniff","alt-svc":"h3-29=\":443\"; ma=2592000,h3-T051=\":443\"; ma=2592000,h3-Q050=\":443\"; ma=2592000,h3-Q046=\":443\"; ma=2592000,h3-Q043=\":443\"; ma=2592000,quic=\":443\"; ma=2592000; v=\"46,43\"","accept-ranges":"none","transfer-encoding":"chunked"}
[debug] [2021-02-17T17:33:24.451Z] >>> [apiv2][query] GET https://firebase.googleapis.com/v1beta1/projects pageSize=100
[debug] [2021-02-17T17:33:25.170Z] <<< [apiv2][status] GET https://firebase.googleapis.com/v1beta1/projects 200
[debug] [2021-02-17T17:33:25.170Z] <<< [apiv2][body] GET https://firebase.googleapis.com/v1beta1/projects [omitted]
[info] i  Using project chatapp-9647c (chatapp) 
[info] 
=== Database Setup
[info] i  database: ensuring required API firebasedatabase.googleapis.com is enabled... 
[debug] [2021-02-17T17:33:45.591Z] > refreshing access token with scopes: ["email","https://www.googleapis.com/auth/cloud-platform","https://www.googleapis.com/auth/cloudplatformprojects.readonly","https://www.googleapis.com/auth/firebase","openid"]
[debug] [2021-02-17T17:33:45.592Z] >>> HTTP REQUEST POST https://www.googleapis.com/oauth2/v3/token  
 <request body omitted>
[debug] [2021-02-17T17:33:45.740Z] <<< HTTP RESPONSE 200 {"date":"Wed, 17 Feb 2021 17:33:44 GMT","expires":"Mon, 01 Jan 1990 00:00:00 GMT","pragma":"no-cache","cache-control":"no-cache, no-store, max-age=0, must-revalidate","content-type":"application/json; charset=utf-8","vary":"X-Origin, Referer, Origin,Accept-Encoding","server":"scaffolding on HTTPServer2","x-xss-protection":"0","x-frame-options":"SAMEORIGIN","x-content-type-options":"nosniff","alt-svc":"h3-29=\":443\"; ma=2592000,h3-T051=\":443\"; ma=2592000,h3-Q050=\":443\"; ma=2592000,h3-Q046=\":443\"; ma=2592000,h3-Q043=\":443\"; ma=2592000,quic=\":443\"; ma=2592000; v=\"46,43\"","accept-ranges":"none","transfer-encoding":"chunked"}
[debug] [2021-02-17T17:33:45.756Z] >>> HTTP REQUEST GET https://serviceusage.googleapis.com/v1/projects/chatapp-9647c/services/firebasedatabase.googleapis.com  
 
[debug] [2021-02-17T17:33:47.493Z] <<< HTTP RESPONSE 200 {"content-type":"application/json; charset=UTF-8","vary":"X-Origin, Referer, Origin,Accept-Encoding","date":"Wed, 17 Feb 2021 17:33:45 GMT","server":"ESF","cache-control":"private","x-xss-protection":"0","x-frame-options":"SAMEORIGIN","x-content-type-options":"nosniff","alt-svc":"h3-29=\":443\"; ma=2592000,h3-T051=\":443\"; ma=2592000,h3-Q050=\":443\"; ma=2592000,h3-Q046=\":443\"; ma=2592000,h3-Q043=\":443\"; ma=2592000,quic=\":443\"; ma=2592000; v=\"46,43\"","accept-ranges":"none","transfer-encoding":"chunked"}
[info] +  database: required API firebasedatabase.googleapis.com is enabled 
[info] 
[debug] [2021-02-17T17:33:47.499Z] >>> HTTP REQUEST GET https://firebasedatabase.googleapis.com/v1beta/projects/chatapp-9647c/locations/-/instances/chatapp-9647c-default-rtdb  
 
[debug] [2021-02-17T17:34:00.729Z] ----------------------------------------------------------------------
[debug] [2021-02-17T17:34:00.731Z] Command:       C:\Program Files\nodejs\node.exe C:\Users\nikhil\AppData\Roaming\npm\node_modules\firebase-tools\lib\bin\firebase.js init
[debug] [2021-02-17T17:34:00.731Z] CLI Version:   9.4.0
[debug] [2021-02-17T17:34:00.731Z] Platform:      win32
[debug] [2021-02-17T17:34:00.731Z] Node Version:  v10.18.0
[debug] [2021-02-17T17:34:00.733Z] Time:          Wed Feb 17 2021 23:04:00 GMT+0530 (India Standard Time)
[debug] [2021-02-17T17:34:00.733Z] ----------------------------------------------------------------------
[debug] [2021-02-17T17:34:00.733Z] 
[debug] [2021-02-17T17:34:00.740Z] > command requires scopes: ["email","openid","https://www.googleapis.com/auth/cloudplatformprojects.readonly","https://www.googleapis.com/auth/firebase","https://www.googleapis.com/auth/cloud-platform"]
[debug] [2021-02-17T17:34:00.741Z] > authorizing via signed-in user
[info] 
     ######## #### ########  ######## ########     ###     ######  ########
     ##        ##  ##     ## ##       ##     ##  ##   ##  ##       ##
     ######    ##  ########  ######   ########  #########  ######  ######
     ##        ##  ##    ##  ##       ##     ## ##     ##       ## ##
     ##       #### ##     ## ######## ########  ##     ##  ######  ########

You're about to initialize a Firebase project in this directory:

  D:\private\personal\practise\my-portfolio

[info] 
=== Project Setup
[info] 
[info] First, let's associate this project directory with a Firebase project.
[info] You can create multiple project aliases by running firebase use --add, 
[info] but for now we'll just set up a default project.
[info] 
[info] i  If you want to create a project in a Google Cloud organization or folder, please use "firebase projects:create" instead, and return to this command when you've created the project. 
[debug] [2021-02-17T17:34:26.820Z] >>> HTTP REQUEST POST https://cloudresourcemanager.googleapis.com/v1/projects  
 {"projectId":"manne-nikhil","name":"manne-nikhil"}
[debug] [2021-02-17T17:34:28.554Z] <<< HTTP RESPONSE 200 {"content-type":"application/json; charset=UTF-8","vary":"X-Origin, Referer, Origin,Accept-Encoding","date":"Wed, 17 Feb 2021 17:34:26 GMT","server":"ESF","cache-control":"private","x-xss-protection":"0","x-frame-options":"SAMEORIGIN","x-content-type-options":"nosniff","server-timing":"gfet4t7; dur=1491","alt-svc":"h3-29=\":443\"; ma=2592000,h3-T051=\":443\"; ma=2592000,h3-Q050=\":443\"; ma=2592000,h3-Q046=\":443\"; ma=2592000,h3-Q043=\":443\"; ma=2592000,quic=\":443\"; ma=2592000; v=\"46,43\"","accept-ranges":"none","transfer-encoding":"chunked"}
[debug] [2021-02-17T17:34:28.560Z] > refreshing access token with scopes: []
[debug] [2021-02-17T17:34:28.560Z] >>> HTTP REQUEST POST https://www.googleapis.com/oauth2/v3/token  
 <request body omitted>
[debug] [2021-02-17T17:34:28.729Z] <<< HTTP RESPONSE 200 {"expires":"Mon, 01 Jan 1990 00:00:00 GMT","cache-control":"no-cache, no-store, max-age=0, must-revalidate","date":"Wed, 17 Feb 2021 17:34:27 GMT","pragma":"no-cache","content-type":"application/json; charset=utf-8","vary":"X-Origin, Referer, Origin,Accept-Encoding","server":"scaffolding on HTTPServer2","x-xss-protection":"0","x-frame-options":"SAMEORIGIN","x-content-type-options":"nosniff","alt-svc":"h3-29=\":443\"; ma=2592000,h3-T051=\":443\"; ma=2592000,h3-Q050=\":443\"; ma=2592000,h3-Q046=\":443\"; ma=2592000,h3-Q043=\":443\"; ma=2592000,quic=\":443\"; ma=2592000; v=\"46,43\"","accept-ranges":"none","transfer-encoding":"chunked"}
[debug] [2021-02-17T17:34:28.744Z] >>> [apiv2][query] GET https://cloudresourcemanager.googleapis.com/v1/operations/cp.7998205094613036727 [none]
[debug] [2021-02-17T17:34:30.202Z] <<< [apiv2][status] GET https://cloudresourcemanager.googleapis.com/v1/operations/cp.7998205094613036727 200
[debug] [2021-02-17T17:34:30.203Z] <<< [apiv2][body] GET https://cloudresourcemanager.googleapis.com/v1/operations/cp.7998205094613036727 {"name":"operations/cp.7998205094613036727"}
[debug] [2021-02-17T17:34:30.711Z] [Project Creation Poller] Retrying task index 0
[debug] [2021-02-17T17:34:30.712Z] >>> [apiv2][query] GET https://cloudresourcemanager.googleapis.com/v1/operations/cp.7998205094613036727 [none]
[debug] [2021-02-17T17:34:32.240Z] <<< [apiv2][status] GET https://cloudresourcemanager.googleapis.com/v1/operations/cp.7998205094613036727 200
[debug] [2021-02-17T17:34:32.240Z] <<< [apiv2][body] GET https://cloudresourcemanager.googleapis.com/v1/operations/cp.7998205094613036727 {"name":"operations/cp.7998205094613036727","metadata":{"@type":"type.googleapis.com/google.cloudresourcemanager.v1.ProjectCreationStatus","gettable":true,"ready":true},"done":true,"response":{"@type":"type.googleapis.com/google.cloudresourcemanager.v1.Project","projectNumber":"75830469702","projectId":"manne-nikhil","lifecycleState":"ACTIVE","name":"manne-nikhil","createTime":"2021-02-17T17:34:26.535Z"}}
[debug] [2021-02-17T17:34:32.246Z] > refreshing access token with scopes: ["email","https://www.googleapis.com/auth/cloud-platform","https://www.googleapis.com/auth/cloudplatformprojects.readonly","https://www.googleapis.com/auth/firebase","openid"]
[debug] [2021-02-17T17:34:32.247Z] >>> HTTP REQUEST POST https://www.googleapis.com/oauth2/v3/token  
 <request body omitted>
[debug] [2021-02-17T17:34:32.750Z] <<< HTTP RESPONSE 200 {"date":"Wed, 17 Feb 2021 17:34:30 GMT","pragma":"no-cache","cache-control":"no-cache, no-store, max-age=0, must-revalidate","expires":"Mon, 01 Jan 1990 00:00:00 GMT","content-type":"application/json; charset=utf-8","vary":"X-Origin, Referer, Origin,Accept-Encoding","server":"scaffolding on HTTPServer2","x-xss-protection":"0","x-frame-options":"SAMEORIGIN","x-content-type-options":"nosniff","alt-svc":"h3-29=\":443\"; ma=2592000,h3-T051=\":443\"; ma=2592000,h3-Q050=\":443\"; ma=2592000,h3-Q046=\":443\"; ma=2592000,h3-Q043=\":443\"; ma=2592000,quic=\":443\"; ma=2592000; v=\"46,43\"","accept-ranges":"none","transfer-encoding":"chunked"}
[debug] [2021-02-17T17:34:32.761Z] >>> HTTP REQUEST POST https://firebase.googleapis.com/v1beta1/projects/manne-nikhil:addFirebase  
 
[debug] [2021-02-17T17:34:36.126Z] <<< HTTP RESPONSE 200 {"content-type":"application/json; charset=UTF-8","vary":"X-Origin, Referer, Origin,Accept-Encoding","date":"Wed, 17 Feb 2021 17:34:34 GMT","server":"ESF","cache-control":"private","x-xss-protection":"0","x-frame-options":"SAMEORIGIN","x-content-type-options":"nosniff","alt-svc":"h3-29=\":443\"; ma=2592000,h3-T051=\":443\"; ma=2592000,h3-Q050=\":443\"; ma=2592000,h3-Q046=\":443\"; ma=2592000,h3-Q043=\":443\"; ma=2592000,quic=\":443\"; ma=2592000; v=\"46,43\"","accept-ranges":"none","transfer-encoding":"chunked"}
[debug] [2021-02-17T17:34:36.127Z] > refreshing access token with scopes: []
[debug] [2021-02-17T17:34:36.128Z] >>> HTTP REQUEST POST https://www.googleapis.com/oauth2/v3/token  
 <request body omitted>
[debug] [2021-02-17T17:34:36.276Z] <<< HTTP RESPONSE 200 {"expires":"Mon, 01 Jan 1990 00:00:00 GMT","pragma":"no-cache","cache-control":"no-cache, no-store, max-age=0, must-revalidate","date":"Wed, 17 Feb 2021 17:34:34 GMT","content-type":"application/json; charset=utf-8","vary":"X-Origin, Referer, Origin,Accept-Encoding","server":"scaffolding on HTTPServer2","x-xss-protection":"0","x-frame-options":"SAMEORIGIN","x-content-type-options":"nosniff","alt-svc":"h3-29=\":443\"; ma=2592000,h3-T051=\":443\"; ma=2592000,h3-Q050=\":443\"; ma=2592000,h3-Q046=\":443\"; ma=2592000,h3-Q043=\":443\"; ma=2592000,quic=\":443\"; ma=2592000; v=\"46,43\"","accept-ranges":"none","transfer-encoding":"chunked"}
[debug] [2021-02-17T17:34:36.293Z] >>> [apiv2][query] GET https://firebase.googleapis.com/v1beta1/operations/workflows/OWZkZTFiODQtMzg2OC00NWQwLTljNmYtYzhmZGVjMjdmMjEx [none]
[debug] [2021-02-17T17:34:37.876Z] <<< [apiv2][status] GET https://firebase.googleapis.com/v1beta1/operations/workflows/OWZkZTFiODQtMzg2OC00NWQwLTljNmYtYzhmZGVjMjdmMjEx 200
[debug] [2021-02-17T17:34:37.876Z] <<< [apiv2][body] GET https://firebase.googleapis.com/v1beta1/operations/workflows/OWZkZTFiODQtMzg2OC00NWQwLTljNmYtYzhmZGVjMjdmMjEx {"name":"operations/workflows/OWZkZTFiODQtMzg2OC00NWQwLTljNmYtYzhmZGVjMjdmMjEx"}
[debug] [2021-02-17T17:34:38.376Z] [Add Firebase Poller] Retrying task index 0
[debug] [2021-02-17T17:34:38.377Z] >>> [apiv2][query] GET https://firebase.googleapis.com/v1beta1/operations/workflows/OWZkZTFiODQtMzg2OC00NWQwLTljNmYtYzhmZGVjMjdmMjEx [none]
[debug] [2021-02-17T17:34:39.612Z] <<< [apiv2][status] GET https://firebase.googleapis.com/v1beta1/operations/workflows/OWZkZTFiODQtMzg2OC00NWQwLTljNmYtYzhmZGVjMjdmMjEx 200
[debug] [2021-02-17T17:34:39.613Z] <<< [apiv2][body] GET https://firebase.googleapis.com/v1beta1/operations/workflows/OWZkZTFiODQtMzg2OC00NWQwLTljNmYtYzhmZGVjMjdmMjEx {"name":"operations/workflows/OWZkZTFiODQtMzg2OC00NWQwLTljNmYtYzhmZGVjMjdmMjEx"}
[debug] [2021-02-17T17:34:40.616Z] [Add Firebase Poller] Retrying task index 0
[debug] [2021-02-17T17:34:40.617Z] >>> [apiv2][query] GET https://firebase.googleapis.com/v1beta1/operations/workflows/OWZkZTFiODQtMzg2OC00NWQwLTljNmYtYzhmZGVjMjdmMjEx [none]
[debug] [2021-02-17T17:34:41.665Z] <<< [apiv2][status] GET https://firebase.googleapis.com/v1beta1/operations/workflows/OWZkZTFiODQtMzg2OC00NWQwLTljNmYtYzhmZGVjMjdmMjEx 200
[debug] [2021-02-17T17:34:41.665Z] <<< [apiv2][body] GET https://firebase.googleapis.com/v1beta1/operations/workflows/OWZkZTFiODQtMzg2OC00NWQwLTljNmYtYzhmZGVjMjdmMjEx {"name":"operations/workflows/OWZkZTFiODQtMzg2OC00NWQwLTljNmYtYzhmZGVjMjdmMjEx"}
[debug] [2021-02-17T17:34:43.672Z] [Add Firebase Poller] Retrying task index 0
[debug] [2021-02-17T17:34:43.672Z] >>> [apiv2][query] GET https://firebase.googleapis.com/v1beta1/operations/workflows/OWZkZTFiODQtMzg2OC00NWQwLTljNmYtYzhmZGVjMjdmMjEx [none]
[debug] [2021-02-17T17:34:44.832Z] <<< [apiv2][status] GET https://firebase.googleapis.com/v1beta1/operations/workflows/OWZkZTFiODQtMzg2OC00NWQwLTljNmYtYzhmZGVjMjdmMjEx 200
[debug] [2021-02-17T17:34:44.832Z] <<< [apiv2][body] GET https://firebase.googleapis.com/v1beta1/operations/workflows/OWZkZTFiODQtMzg2OC00NWQwLTljNmYtYzhmZGVjMjdmMjEx {"name":"operations/workflows/OWZkZTFiODQtMzg2OC00NWQwLTljNmYtYzhmZGVjMjdmMjEx"}
[debug] [2021-02-17T17:34:48.838Z] [Add Firebase Poller] Retrying task index 0
[debug] [2021-02-17T17:34:48.839Z] >>> [apiv2][query] GET https://firebase.googleapis.com/v1beta1/operations/workflows/OWZkZTFiODQtMzg2OC00NWQwLTljNmYtYzhmZGVjMjdmMjEx [none]
[debug] [2021-02-17T17:34:49.644Z] <<< [apiv2][status] GET https://firebase.googleapis.com/v1beta1/operations/workflows/OWZkZTFiODQtMzg2OC00NWQwLTljNmYtYzhmZGVjMjdmMjEx 200
[debug] [2021-02-17T17:34:49.644Z] <<< [apiv2][body] GET https://firebase.googleapis.com/v1beta1/operations/workflows/OWZkZTFiODQtMzg2OC00NWQwLTljNmYtYzhmZGVjMjdmMjEx {"name":"operations/workflows/OWZkZTFiODQtMzg2OC00NWQwLTljNmYtYzhmZGVjMjdmMjEx","done":true,"response":{"@type":"type.googleapis.com/google.firebase.service.v1beta1.FirebaseProject","projectId":"manne-nikhil","projectNumber":"75830469702","displayName":"manne-nikhil","name":"projects/manne-nikhil","resources":{"hostingSite":"manne-nikhil"}}}
[info] 
[info] === Your Firebase project is ready! ===
[info] 
[info] Project information:
[info]    - Project ID: manne-nikhil
[info]    - Project Name: manne-nikhil
[info] 
[info] Firebase console is available at
[info] https://console.firebase.google.com/project/manne-nikhil/overview
[info] i  Using project manne-nikhil (manne-nikhil) 
[info] 
=== Database Setup
[info] i  database: ensuring required API firebasedatabase.googleapis.com is enabled... 
[debug] [2021-02-17T17:34:49.740Z] > refreshing access token with scopes: ["email","https://www.googleapis.com/auth/cloud-platform","https://www.googleapis.com/auth/cloudplatformprojects.readonly","https://www.googleapis.com/auth/firebase","openid"]
[debug] [2021-02-17T17:34:49.740Z] >>> HTTP REQUEST POST https://www.googleapis.com/oauth2/v3/token  
 <request body omitted>
[debug] [2021-02-17T17:34:49.892Z] <<< HTTP RESPONSE 200 {"date":"Wed, 17 Feb 2021 17:34:48 GMT","pragma":"no-cache","expires":"Mon, 01 Jan 1990 00:00:00 GMT","cache-control":"no-cache, no-store, max-age=0, must-revalidate","content-type":"application/json; charset=utf-8","vary":"X-Origin, Referer, Origin,Accept-Encoding","server":"scaffolding on HTTPServer2","x-xss-protection":"0","x-frame-options":"SAMEORIGIN","x-content-type-options":"nosniff","alt-svc":"h3-29=\":443\"; ma=2592000,h3-T051=\":443\"; ma=2592000,h3-Q050=\":443\"; ma=2592000,h3-Q046=\":443\"; ma=2592000,h3-Q043=\":443\"; ma=2592000,quic=\":443\"; ma=2592000; v=\"46,43\"","accept-ranges":"none","transfer-encoding":"chunked"}
[debug] [2021-02-17T17:34:49.910Z] >>> HTTP REQUEST GET https://serviceusage.googleapis.com/v1/projects/manne-nikhil/services/firebasedatabase.googleapis.com  
 
[debug] [2021-02-17T17:34:51.899Z] <<< HTTP RESPONSE 200 {"content-type":"application/json; charset=UTF-8","vary":"X-Origin, Referer, Origin,Accept-Encoding","date":"Wed, 17 Feb 2021 17:34:50 GMT","server":"ESF","cache-control":"private","x-xss-protection":"0","x-frame-options":"SAMEORIGIN","x-content-type-options":"nosniff","alt-svc":"h3-29=\":443\"; ma=2592000,h3-T051=\":443\"; ma=2592000,h3-Q050=\":443\"; ma=2592000,h3-Q046=\":443\"; ma=2592000,h3-Q043=\":443\"; ma=2592000,quic=\":443\"; ma=2592000; v=\"46,43\"","accept-ranges":"none","transfer-encoding":"chunked"}
[warn] !  database: missing required API firebasedatabase.googleapis.com. Enabling now... 
[debug] [2021-02-17T17:34:51.903Z] >>> HTTP REQUEST POST https://serviceusage.googleapis.com/v1/projects/manne-nikhil/services/firebasedatabase.googleapis.com:enable  
 
[debug] [2021-02-17T17:34:53.943Z] <<< HTTP RESPONSE 200 {"content-type":"application/json; charset=UTF-8","vary":"X-Origin, Referer, Origin,Accept-Encoding","date":"Wed, 17 Feb 2021 17:34:52 GMT","server":"ESF","cache-control":"private","x-xss-protection":"0","x-frame-options":"SAMEORIGIN","x-content-type-options":"nosniff","alt-svc":"h3-29=\":443\"; ma=2592000,h3-T051=\":443\"; ma=2592000,h3-Q050=\":443\"; ma=2592000,h3-Q046=\":443\"; ma=2592000,h3-Q043=\":443\"; ma=2592000,quic=\":443\"; ma=2592000; v=\"46,43\"","accept-ranges":"none","transfer-encoding":"chunked"}
[debug] [2021-02-17T17:35:03.950Z] >>> HTTP REQUEST GET https://serviceusage.googleapis.com/v1/projects/manne-nikhil/services/firebasedatabase.googleapis.com  
 
[debug] [2021-02-17T17:35:06.444Z] <<< HTTP RESPONSE 200 {"content-type":"application/json; charset=UTF-8","vary":"X-Origin, Referer, Origin,Accept-Encoding","date":"Wed, 17 Feb 2021 17:35:04 GMT","server":"ESF","cache-control":"private","x-xss-protection":"0","x-frame-options":"SAMEORIGIN","x-content-type-options":"nosniff","alt-svc":"h3-29=\":443\"; ma=2592000,h3-T051=\":443\"; ma=2592000,h3-Q050=\":443\"; ma=2592000,h3-Q046=\":443\"; ma=2592000,h3-Q043=\":443\"; ma=2592000,quic=\":443\"; ma=2592000; v=\"46,43\"","accept-ranges":"none","transfer-encoding":"chunked"}
[info] +  database: required API firebasedatabase.googleapis.com is enabled 
[info] 
[debug] [2021-02-17T17:35:06.456Z] > refreshing access token with scopes: []
[debug] [2021-02-17T17:35:06.456Z] >>> HTTP REQUEST POST https://www.googleapis.com/oauth2/v3/token  
 <request body omitted>
[debug] [2021-02-17T17:35:06.868Z] <<< HTTP RESPONSE 200 {"date":"Wed, 17 Feb 2021 17:35:05 GMT","pragma":"no-cache","cache-control":"no-cache, no-store, max-age=0, must-revalidate","expires":"Mon, 01 Jan 1990 00:00:00 GMT","content-type":"application/json; charset=utf-8","vary":"X-Origin, Referer, Origin,Accept-Encoding","server":"scaffolding on HTTPServer2","x-xss-protection":"0","x-frame-options":"SAMEORIGIN","x-content-type-options":"nosniff","alt-svc":"h3-29=\":443\"; ma=2592000,h3-T051=\":443\"; ma=2592000,h3-Q050=\":443\"; ma=2592000,h3-Q046=\":443\"; ma=2592000,h3-Q043=\":443\"; ma=2592000,quic=\":443\"; ma=2592000; v=\"46,43\"","accept-ranges":"none","transfer-encoding":"chunked"}
[debug] [2021-02-17T17:35:06.887Z] >>> [apiv2][query] GET https://firebase.googleapis.com/v1beta1/projects/manne-nikhil [none]
[debug] [2021-02-17T17:35:07.979Z] <<< [apiv2][status] GET https://firebase.googleapis.com/v1beta1/projects/manne-nikhil 200
[debug] [2021-02-17T17:35:07.979Z] <<< [apiv2][body] GET https://firebase.googleapis.com/v1beta1/projects/manne-nikhil {"projectId":"manne-nikhil","projectNumber":"75830469702","displayName":"manne-nikhil","name":"projects/manne-nikhil","resources":{"hostingSite":"manne-nikhil"},"state":"ACTIVE"}
[debug] [2021-02-17T17:35:18.955Z] > refreshing access token with scopes: ["email","https://www.googleapis.com/auth/cloud-platform","https://www.googleapis.com/auth/cloudplatformprojects.readonly","https://www.googleapis.com/auth/firebase","openid"]
[debug] [2021-02-17T17:35:18.955Z] >>> HTTP REQUEST POST https://www.googleapis.com/oauth2/v3/token  
 <request body omitted>
[debug] [2021-02-17T17:35:19.107Z] <<< HTTP RESPONSE 200 {"expires":"Mon, 01 Jan 1990 00:00:00 GMT","date":"Wed, 17 Feb 2021 17:35:17 GMT","pragma":"no-cache","cache-control":"no-cache, no-store, max-age=0, must-revalidate","content-type":"application/json; charset=utf-8","vary":"X-Origin, Referer, Origin,Accept-Encoding","server":"scaffolding on HTTPServer2","x-xss-protection":"0","x-frame-options":"SAMEORIGIN","x-content-type-options":"nosniff","alt-svc":"h3-29=\":443\"; ma=2592000,h3-T051=\":443\"; ma=2592000,h3-Q050=\":443\"; ma=2592000,h3-Q046=\":443\"; ma=2592000,h3-Q043=\":443\"; ma=2592000,quic=\":443\"; ma=2592000; v=\"46,43\"","accept-ranges":"none","transfer-encoding":"chunked"}
[debug] [2021-02-17T17:35:19.123Z] >>> HTTP REQUEST POST https://firebasedatabase.googleapis.com/v1beta/projects/manne-nikhil/locations/us-central1/instances?databaseId=manne-nikhil-default-rtdb&validateOnly=true  
 {"type":"default_database"}
[debug] [2021-02-17T17:35:20.773Z] <<< HTTP RESPONSE 200 {"content-type":"application/json; charset=UTF-8","vary":"X-Origin, Referer, Origin,Accept-Encoding","date":"Wed, 17 Feb 2021 17:35:19 GMT","server":"ESF","cache-control":"private","x-xss-protection":"0","x-frame-options":"SAMEORIGIN","x-content-type-options":"nosniff","alt-svc":"h3-29=\":443\"; ma=2592000,h3-T051=\":443\"; ma=2592000,h3-Q050=\":443\"; ma=2592000,h3-Q046=\":443\"; ma=2592000,h3-Q043=\":443\"; ma=2592000,quic=\":443\"; ma=2592000; v=\"46,43\"","accept-ranges":"none","transfer-encoding":"chunked"}
[debug] [2021-02-17T17:35:20.783Z] >>> HTTP REQUEST POST https://firebasedatabase.googleapis.com/v1beta/projects/manne-nikhil/locations/us-central1/instances?databaseId=manne-nikhil-default-rtdb  
 {"type":"default_database"}
[debug] [2021-02-17T17:35:24.050Z] <<< HTTP RESPONSE 200 {"content-type":"application/json; charset=UTF-8","vary":"X-Origin, Referer, Origin,Accept-Encoding","date":"Wed, 17 Feb 2021 17:35:22 GMT","server":"ESF","cache-control":"private","x-xss-protection":"0","x-frame-options":"SAMEORIGIN","x-content-type-options":"nosniff","alt-svc":"h3-29=\":443\"; ma=2592000,h3-T051=\":443\"; ma=2592000,h3-Q050=\":443\"; ma=2592000,h3-Q046=\":443\"; ma=2592000,h3-Q043=\":443\"; ma=2592000,quic=\":443\"; ma=2592000; v=\"46,43\"","accept-ranges":"none","transfer-encoding":"chunked"}
[info] 
[info] Firebase Realtime Database Security Rules allow you to define how your data should be
[info] structured and when your data can be read from and written to.
[info] 
[debug] [2021-02-17T17:35:42.859Z] >>> HTTP REQUEST GET https://manne-nikhil-default-rtdb.firebaseio.com/.settings/rules.json  
 
[debug] [2021-02-17T17:35:44.120Z] <<< HTTP RESPONSE 200 {"server":"nginx","date":"Wed, 17 Feb 2021 17:35:42 GMT","content-type":"application/json; charset=utf-8","content-length":"161","connection":"keep-alive","access-control-allow-origin":"*","cache-control":"no-cache","strict-transport-security":"max-age=31556926; includeSubDomains; preload"}
[info] +  Database Rules for manne-nikhil-default-rtdb have been written to database.rules.json. 
[info] Future modifications to database.rules.json will update Realtime Database Security Rules when you run
[info] firebase deploy.
[info] 
=== Hosting Setup
[info] 
[info] Your public directory is the folder (relative to your project directory) that
[info] will contain Hosting assets to be uploaded with firebase deploy. If you
[info] have a build process for your assets, use your build's output directory.
[info] 
